2026-07-12 17:11:50,547 - __main__ - INFO - Загрузка конфига: decap_placement.yaml
2026-07-12 17:11:50,547 - decap_placer.config - INFO - Загрузка конфигурации из decap_placement.yaml
2026-07-12 17:11:50,558 - decap_placer.config - DEBUG - Конфигурация загружена: target=IC1, side=back, правил=4
2026-07-12 17:11:50,558 - __main__ - INFO - Подключение к KiCad (таймаут 20000 мс)
2026-07-12 17:11:50,558 - decap_placer.kicad.adapter - DEBUG - Инициализация KiCadBoardAdapter с таймаутом 20000 мс
2026-07-12 17:11:50,588 - decap_placer.kicad.adapter - DEBUG - Обновление доски из KiCad
2026-07-12 17:11:50,590 - pynng.nng - DEBUG - Pipe callback event 0
2026-07-12 17:11:50,590 - pynng.nng - DEBUG - Pipe callback event 1
2026-07-12 17:11:50,590 - decap_placer.kicad.adapter - INFO - Доска получена
2026-07-12 17:11:50,590 - __main__ - INFO - Планирование расстановки...
2026-07-12 17:11:50,590 - decap_placer.placement.planner - DEBUG - Выбрана радиальная стратегия
2026-07-12 17:11:50,599 - decap_placer.kicad.adapter - DEBUG - Найден футпринт IC1
2026-07-12 17:11:50,599 - decap_placer.kicad.adapter - DEBUG - Найдена зона RA_DECAP_ZONE
2026-07-12 17:11:50,600 - decap_placer.placement.planner - DEBUG - Граница зоны содержит 4 точек
2026-07-12 17:11:50,600 - decap_placer.placement.planner - INFO - Планировщик инициализирован: target=IC1, side=back
2026-07-12 17:11:50,600 - decap_placer.placement.planner - INFO - Начало планирования по правилам
2026-07-12 17:11:50,600 - decap_placer.placement.planner - DEBUG - Обработка цепи +3V3_VCCIO (1/4)
2026-07-12 17:11:50,600 - decap_placer.kicad.adapter - DEBUG - Найдена цепь +3V3_VCCIO
2026-07-12 17:11:50,600 - decap_placer.placement.planner - DEBUG -   C5 -> (41.838, 70.310) мм, угол=356.0°
2026-07-12 17:11:50,601 - decap_placer.kicad.adapter - DEBUG - Найдена цепь GND
2026-07-12 17:11:50,601 - decap_placer.placement.planner - DEBUG -     виа у C5: (42.835, 70.379) мм
2026-07-12 17:11:50,601 - decap_placer.placement.planner - DEBUG -   C6 -> (45.831, 61.116) мм, угол=300.2°
2026-07-12 17:11:50,602 - decap_placer.kicad.adapter - DEBUG - Найдена цепь GND
2026-07-12 17:11:50,602 - decap_placer.placement.planner - DEBUG -     виа у C6: (46.334, 61.981) мм
2026-07-12 17:11:50,602 - decap_placer.placement.planner - DEBUG -   C7 -> (49.989, 61.239) мм, угол=279.3°
2026-07-12 17:11:50,602 - decap_placer.kicad.adapter - DEBUG - Найдена цепь GND
2026-07-12 17:11:50,602 - decap_placer.placement.planner - DEBUG -     виа у C7: (50.150, 62.226) мм
2026-07-12 17:11:50,602 - decap_placer.placement.planner - DEBUG -   C8 -> (53.623, 61.231) мм, угол=258.2°
2026-07-12 17:11:50,603 - decap_placer.kicad.adapter - DEBUG - Найдена цепь GND
2026-07-12 17:11:50,603 - decap_placer.placement.planner - DEBUG -     виа у C8: (53.418, 62.209) мм
2026-07-12 17:11:50,603 - decap_placer.placement.planner - DEBUG -   C9 -> (55.923, 61.167) мм, угол=246.1°
2026-07-12 17:11:50,603 - decap_placer.kicad.adapter - DEBUG - Найдена цепь GND
2026-07-12 17:11:50,603 - decap_placer.placement.planner - DEBUG -     виа у C9: (55.519, 62.081) мм
2026-07-12 17:11:50,603 - decap_placer.placement.planner - DEBUG -   C10 -> (61.323, 69.856) мм, угол=186.6°
2026-07-12 17:11:50,604 - decap_placer.kicad.adapter - DEBUG - Найдена цепь GND
2026-07-12 17:11:50,604 - decap_placer.placement.planner - DEBUG -     виа у C10: (60.329, 69.971) мм
2026-07-12 17:11:50,604 - decap_placer.placement.planner - DEBUG -   C11 -> (61.401, 75.335) мм, угол=156.1°
2026-07-12 17:11:50,604 - decap_placer.kicad.adapter - DEBUG - Найдена цепь GND
2026-07-12 17:11:50,605 - decap_placer.placement.planner - DEBUG -     виа у C11: (60.487, 74.931) мм
2026-07-12 17:11:50,605 - decap_placer.placement.planner - DEBUG -   C12 -> (54.998, 80.784) мм, угол=109.3°
2026-07-12 17:11:50,605 - decap_placer.kicad.adapter - DEBUG - Найдена цепь GND
2026-07-12 17:11:50,605 - decap_placer.placement.planner - DEBUG -     виа у C12: (54.669, 79.840) мм
2026-07-12 17:11:50,605 - decap_placer.placement.planner - DEBUG -   C13 -> (52.258, 80.730) мм, угол=94.0°
2026-07-12 17:11:50,605 - decap_placer.kicad.adapter - DEBUG - Найдена цепь GND
2026-07-12 17:11:50,606 - decap_placer.placement.planner - DEBUG -     виа у C13: (52.189, 79.733) мм
2026-07-12 17:11:50,606 - decap_placer.placement.planner - DEBUG -   C14 -> (48.158, 80.784) мм, угол=70.7°
2026-07-12 17:11:50,606 - decap_placer.kicad.adapter - DEBUG - Найдена цепь GND
2026-07-12 17:11:50,606 - decap_placer.placement.planner - DEBUG -     виа у C14: (48.487, 79.840) мм
2026-07-12 17:11:50,606 - decap_placer.placement.planner - DEBUG -   C30 -> (36.995, 69.971) мм, угол=356.0°
2026-07-12 17:11:50,606 - decap_placer.kicad.adapter - DEBUG - Найдена цепь GND
2026-07-12 17:11:50,606 - decap_placer.placement.planner - DEBUG -     виа у C30: (35.998, 69.902) мм
2026-07-12 17:11:50,607 - decap_placer.placement.planner - DEBUG -   C31 -> (43.295, 56.759) мм, угол=300.2°
2026-07-12 17:11:50,607 - decap_placer.kicad.adapter - DEBUG - Найдена цепь GND
2026-07-12 17:11:50,607 - decap_placer.placement.planner - DEBUG -     виа у C31: (42.792, 55.894) мм
2026-07-12 17:11:50,607 - decap_placer.placement.planner - DEBUG -   C32 -> (49.215, 56.489) мм, угол=279.3°
2026-07-12 17:11:50,607 - decap_placer.kicad.adapter - DEBUG - Найдена цепь GND
2026-07-12 17:11:50,607 - decap_placer.placement.planner - DEBUG -     виа у C32: (49.054, 55.502) мм
2026-07-12 17:11:50,607 - decap_placer.placement.planner - DEBUG -   C33 -> (54.613, 56.507) мм, угол=258.2°
2026-07-12 17:11:50,608 - decap_placer.kicad.adapter - DEBUG - Найдена цепь GND
2026-07-12 17:11:50,608 - decap_placer.placement.planner - DEBUG -     виа у C33: (54.818, 55.528) мм
2026-07-12 17:11:50,608 - decap_placer.placement.planner - DEBUG -   C34 -> (57.922, 56.648) мм, угол=246.1°
2026-07-12 17:11:50,608 - decap_placer.kicad.adapter - DEBUG - Найдена цепь GND
2026-07-12 17:11:50,608 - decap_placer.placement.planner - DEBUG -     виа у C34: (58.327, 55.734) мм
2026-07-12 17:11:50,608 - decap_placer.placement.planner - DEBUG -   C35 -> (66.175, 69.291) мм, угол=186.6°
2026-07-12 17:11:50,609 - decap_placer.kicad.adapter - DEBUG - Найдена цепь GND
2026-07-12 17:11:50,609 - decap_placer.placement.planner - DEBUG -     виа у C35: (67.169, 69.175) мм
2026-07-12 17:11:50,609 - decap_placer.placement.planner - DEBUG -   C36 -> (66.002, 77.370) мм, угол=156.1°
2026-07-12 17:11:50,609 - decap_placer.kicad.adapter - DEBUG - Найдена цепь GND
2026-07-12 17:11:50,609 - decap_placer.placement.planner - DEBUG -     виа у C36: (66.916, 77.775) мм
2026-07-12 17:11:50,609 - decap_placer.placement.planner - DEBUG -   C37 -> (56.543, 85.207) мм, угол=109.3°
2026-07-12 17:11:50,609 - decap_placer.kicad.adapter - DEBUG - Найдена цепь GND
2026-07-12 17:11:50,610 - decap_placer.placement.planner - DEBUG -     виа у C37: (56.873, 86.151) мм
2026-07-12 17:11:50,610 - decap_placer.placement.planner - DEBUG - Обработка цепи +1V2_VCCINT (2/4)
2026-07-12 17:11:50,610 - decap_placer.kicad.adapter - DEBUG - Найдена цепь +1V2_VCCINT
2026-07-12 17:11:50,610 - decap_placer.placement.planner - DEBUG -   C19 -> (41.687, 64.772) мм, угол=327.8°
2026-07-12 17:11:50,610 - decap_placer.kicad.adapter - DEBUG - Найдена цепь GND
2026-07-12 17:11:50,610 - decap_placer.placement.planner - DEBUG -     виа у C19: (42.533, 65.304) мм
2026-07-12 17:11:50,611 - decap_placer.placement.planner - DEBUG -   C20 -> (48.158, 61.196) мм, угол=289.3°
2026-07-12 17:11:50,611 - decap_placer.kicad.adapter - DEBUG - Найдена цепь GND
2026-07-12 17:11:50,611 - decap_placer.placement.planner - DEBUG -     виа у C20: (48.487, 62.140) мм
2026-07-12 17:11:50,611 - decap_placer.placement.planner - DEBUG -   C21 -> (56.389, 61.150) мм, угол=243.9°
2026-07-12 17:11:50,612 - decap_placer.kicad.adapter - DEBUG - Найдена цепь GND
2026-07-12 17:11:50,612 - decap_placer.placement.planner - DEBUG -     виа у C21: (55.950, 62.049) мм
2026-07-12 17:11:50,612 - decap_placer.placement.planner - DEBUG -   C22 -> (61.434, 65.712) мм, угол=208.2°
2026-07-12 17:11:50,612 - decap_placer.kicad.adapter - DEBUG - Найдена цепь GND
2026-07-12 17:11:50,612 - decap_placer.placement.planner - DEBUG -     виа у C22: (60.553, 66.184) мм
2026-07-12 17:11:50,613 - decap_placer.placement.planner - DEBUG -   C23 -> (61.452, 76.737) мм, угол=149.8°
2026-07-12 17:11:50,613 - decap_placer.kicad.adapter - DEBUG - Найдена цепь GND
2026-07-12 17:11:50,613 - decap_placer.placement.planner - DEBUG -     виа у C23: (60.587, 76.234) мм
2026-07-12 17:11:50,613 - decap_placer.placement.planner - DEBUG -   C24 -> (54.538, 80.771) мм, угол=106.8°
2026-07-12 17:11:50,613 - decap_placer.kicad.adapter - DEBUG - Найдена цепь GND
2026-07-12 17:11:50,613 - decap_placer.placement.planner - DEBUG -     виа у C24: (54.249, 79.814) мм
2026-07-12 17:11:50,614 - decap_placer.placement.planner - DEBUG -   C25 -> (47.233, 80.813) мм, угол=66.1°
2026-07-12 17:11:50,614 - decap_placer.kicad.adapter - DEBUG - Найдена цепь GND
2026-07-12 17:11:50,614 - decap_placer.placement.planner - DEBUG -     виа у C25: (47.637, 79.899) мм
2026-07-12 17:11:50,614 - decap_placer.placement.planner - DEBUG -   C26 -> (41.738, 75.801) мм, угол=26.1°
2026-07-12 17:11:50,614 - decap_placer.kicad.adapter - DEBUG - Найдена цепь GND
2026-07-12 17:11:50,614 - decap_placer.placement.planner - DEBUG -     виа у C26: (42.637, 75.362) мм
2026-07-12 17:11:50,615 - decap_placer.placement.planner - DEBUG -   C27 -> (42.449, 65.251) мм, угол=327.8°
2026-07-12 17:11:50,615 - decap_placer.kicad.adapter - DEBUG - Найдена цепь GND
2026-07-12 17:11:50,615 - decap_placer.placement.planner - DEBUG -     виа у C27: (43.295, 65.783) мм
2026-07-12 17:11:50,615 - decap_placer.placement.planner - DEBUG -   C40 -> (37.327, 62.032) мм, угол=327.8°
2026-07-12 17:11:50,615 - decap_placer.kicad.adapter - DEBUG - Найдена цепь GND
2026-07-12 17:11:50,615 - decap_placer.placement.planner - DEBUG -     виа у C40: (36.481, 61.500) мм
2026-07-12 17:11:50,615 - decap_placer.placement.planner - DEBUG -   C41 -> (46.547, 56.583) мм, угол=289.3°
2026-07-12 17:11:50,616 - decap_placer.kicad.adapter - DEBUG - Найдена цепь GND
2026-07-12 17:11:50,616 - decap_placer.placement.planner - DEBUG -     виа у C41: (46.217, 55.639) мм
2026-07-12 17:11:50,616 - decap_placer.placement.planner - DEBUG -   C42 -> (58.573, 56.684) мм, угол=243.9°
2026-07-12 17:11:50,617 - decap_placer.kicad.adapter - DEBUG - Найдена цепь GND
2026-07-12 17:11:50,617 - decap_placer.placement.planner - DEBUG -     виа у C42: (59.012, 55.785) мм
2026-07-12 17:11:50,617 - decap_placer.placement.planner - DEBUG -   C43 -> (65.929, 63.305) мм, угол=208.2°
2026-07-12 17:11:50,617 - decap_placer.kicad.adapter - DEBUG - Найдена цепь GND
2026-07-12 17:11:50,617 - decap_placer.placement.planner - DEBUG -     виа у C43: (66.811, 62.833) мм
2026-07-12 17:11:50,618 - decap_placer.placement.planner - DEBUG -   C44 -> (65.891, 79.321) мм, угол=149.8°
2026-07-12 17:11:50,618 - decap_placer.kicad.adapter - DEBUG - Найдена цепь GND
2026-07-12 17:11:50,618 - decap_placer.placement.planner - DEBUG -     виа у C44: (66.756, 79.824) мм
2026-07-12 17:11:50,618 - decap_placer.placement.planner - DEBUG -   C45 -> (55.890, 85.236) мм, угол=106.8°
2026-07-12 17:11:50,618 - decap_placer.kicad.adapter - DEBUG - Найдена цепь GND
2026-07-12 17:11:50,618 - decap_placer.placement.planner - DEBUG -     виа у C45: (56.179, 86.193) мм
2026-07-12 17:11:50,618 - decap_placer.placement.planner - DEBUG -   C46 -> (45.318, 85.142) мм, угол=66.1°
2026-07-12 17:11:50,619 - decap_placer.kicad.adapter - DEBUG - Найдена цепь GND
2026-07-12 17:11:50,619 - decap_placer.placement.planner - DEBUG -     виа у C46: (44.913, 86.056) мм
2026-07-12 17:11:50,619 - decap_placer.placement.planner - DEBUG - Обработка цепи +2V5_VCCA (3/4)
2026-07-12 17:11:50,619 - decap_placer.kicad.adapter - DEBUG - Найдена цепь +2V5_VCCA
2026-07-12 17:11:50,619 - decap_placer.placement.planner - DEBUG -   C28 -> (61.523, 63.349) мм, угол=217.5°
2026-07-12 17:11:50,619 - decap_placer.kicad.adapter - DEBUG - Найдена цепь GND
2026-07-12 17:11:50,620 - decap_placer.placement.planner - DEBUG -     виа у C28: (60.730, 63.958) мм
2026-07-12 17:11:50,620 - decap_placer.placement.planner - DEBUG -   C29 -> (61.347, 68.488) мм, угол=194.4°
2026-07-12 17:11:50,620 - decap_placer.kicad.adapter - DEBUG - Найдена цепь GND
2026-07-12 17:11:50,620 - decap_placer.placement.planner - DEBUG -     виа у C29: (60.379, 68.736) мм
2026-07-12 17:11:50,620 - decap_placer.placement.planner - DEBUG -   C51 -> (65.735, 60.114) мм, угол=217.5°
2026-07-12 17:11:50,620 - decap_placer.kicad.adapter - DEBUG - Найдена цепь GND
2026-07-12 17:11:50,620 - decap_placer.placement.planner - DEBUG -     виа у C51: (66.528, 59.504) мм
2026-07-12 17:11:50,621 - decap_placer.placement.planner - DEBUG -   C52 -> (66.121, 67.265) мм, угол=194.4°
2026-07-12 17:11:50,621 - decap_placer.kicad.adapter - DEBUG - Найдена цепь GND
2026-07-12 17:11:50,621 - decap_placer.placement.planner - DEBUG -     виа у C52: (67.090, 67.017) мм
2026-07-12 17:11:50,621 - decap_placer.placement.planner - DEBUG - Обработка цепи +1V2_VCCD_PLL (4/4)
2026-07-12 17:11:50,621 - decap_placer.kicad.adapter - DEBUG - Найдена цепь +1V2_VCCD_PLL
2026-07-12 17:11:50,622 - decap_placer.placement.planner - DEBUG -   C38 -> (59.696, 61.027) мм, угол=230.8°
2026-07-12 17:11:50,622 - decap_placer.kicad.adapter - DEBUG - Найдена цепь GND
2026-07-12 17:11:50,622 - decap_placer.placement.planner - DEBUG -     виа у C38: (59.065, 61.802) мм
2026-07-12 17:11:50,622 - decap_placer.placement.planner - DEBUG -   C39 -> (43.460, 80.953) мм, угол=50.8°
2026-07-12 17:11:50,623 - decap_placer.kicad.adapter - DEBUG - Найдена цепь GND
2026-07-12 17:11:50,623 - decap_placer.placement.planner - DEBUG -     виа у C39: (44.091, 80.178) мм
2026-07-12 17:11:50,623 - decap_placer.placement.planner - DEBUG -   C53 -> (63.015, 56.955) мм, угол=230.8°
2026-07-12 17:11:50,623 - decap_placer.kicad.adapter - DEBUG - Найдена цепь GND
2026-07-12 17:11:50,623 - decap_placer.placement.planner - DEBUG -     виа у C53: (63.647, 56.179) мм
2026-07-12 17:11:50,623 - decap_placer.placement.planner - DEBUG -   C54 -> (40.296, 84.835) мм, угол=50.8°
2026-07-12 17:11:50,624 - decap_placer.kicad.adapter - DEBUG - Найдена цепь GND
2026-07-12 17:11:50,624 - decap_placer.placement.planner - DEBUG -     виа у C54: (39.664, 85.611) мм
2026-07-12 17:11:50,624 - decap_placer.placement.planner - DEBUG - Планирование термовиа для IC1, площадка 145
2026-07-12 17:11:50,631 - decap_placer.kicad.adapter - DEBUG - Найден футпринт IC1
2026-07-12 17:11:50,632 - decap_placer.kicad.adapter - DEBUG - Найдена цепь GND
2026-07-12 17:11:50,632 - decap_placer.placement.planner - INFO - Запланировано 16 термовиа на 145
2026-07-12 17:11:50,632 - decap_placer.placement.planner - INFO - Планирование завершено: 42 перемещений, 58 виа
2026-07-12 17:11:50,632 - __main__ - INFO - Запланировано перемещений: 42, виа: 58
2026-07-12 17:11:50,632 - __main__ - INFO - Применение изменений...
2026-07-12 17:11:50,632 - decap_placer.placement.executor - INFO - Инициализация исполнителя: batch_size=10
2026-07-12 17:11:50,640 - decap_placer.kicad.adapter - DEBUG - Найден футпринт C5
2026-07-12 17:11:50,648 - decap_placer.kicad.adapter - DEBUG - Найден футпринт C6
2026-07-12 17:11:50,669 - decap_placer.kicad.adapter - DEBUG - Найден футпринт C7
2026-07-12 17:11:50,677 - decap_placer.kicad.adapter - DEBUG - Найден футпринт C8
2026-07-12 17:11:50,684 - decap_placer.kicad.adapter - DEBUG - Найден футпринт C9
2026-07-12 17:11:50,691 - decap_placer.kicad.adapter - DEBUG - Найден футпринт C10
2026-07-12 17:11:50,699 - decap_placer.kicad.adapter - DEBUG - Найден футпринт C11
2026-07-12 17:11:50,706 - decap_placer.kicad.adapter - DEBUG - Найден футпринт C12
2026-07-12 17:11:50,714 - decap_placer.kicad.adapter - DEBUG - Найден футпринт C13
2026-07-12 17:11:50,721 - decap_placer.kicad.adapter - DEBUG - Найден футпринт C14
2026-07-12 17:11:50,728 - decap_placer.kicad.adapter - DEBUG - Найден футпринт C30
2026-07-12 17:11:50,736 - decap_placer.kicad.adapter - DEBUG - Найден футпринт C31
2026-07-12 17:11:50,743 - decap_placer.kicad.adapter - DEBUG - Найден футпринт C32
2026-07-12 17:11:50,750 - decap_placer.kicad.adapter - DEBUG - Найден футпринт C33
2026-07-12 17:11:50,757 - decap_placer.kicad.adapter - DEBUG - Найден футпринт C34
2026-07-12 17:11:50,765 - decap_placer.kicad.adapter - DEBUG - Найден футпринт C35
2026-07-12 17:11:50,772 - decap_placer.kicad.adapter - DEBUG - Найден футпринт C36
2026-07-12 17:11:50,779 - decap_placer.kicad.adapter - DEBUG - Найден футпринт C37
2026-07-12 17:11:50,787 - decap_placer.kicad.adapter - DEBUG - Найден футпринт C19
2026-07-12 17:11:50,794 - decap_placer.kicad.adapter - DEBUG - Найден футпринт C20
2026-07-12 17:11:50,801 - decap_placer.kicad.adapter - DEBUG - Найден футпринт C21
2026-07-12 17:11:50,808 - decap_placer.kicad.adapter - DEBUG - Найден футпринт C22
2026-07-12 17:11:50,816 - decap_placer.kicad.adapter - DEBUG - Найден футпринт C23
2026-07-12 17:11:50,823 - decap_placer.kicad.adapter - DEBUG - Найден футпринт C24
2026-07-12 17:11:50,830 - decap_placer.kicad.adapter - DEBUG - Найден футпринт C25
2026-07-12 17:11:50,838 - decap_placer.kicad.adapter - DEBUG - Найден футпринт C26
2026-07-12 17:11:50,845 - decap_placer.kicad.adapter - DEBUG - Найден футпринт C27
2026-07-12 17:11:50,853 - decap_placer.kicad.adapter - DEBUG - Найден футпринт C40
2026-07-12 17:11:50,860 - decap_placer.kicad.adapter - DEBUG - Найден футпринт C41
2026-07-12 17:11:50,867 - decap_placer.kicad.adapter - DEBUG - Найден футпринт C42
2026-07-12 17:11:50,874 - decap_placer.kicad.adapter - DEBUG - Найден футпринт C43
2026-07-12 17:11:50,881 - decap_placer.kicad.adapter - DEBUG - Найден футпринт C44
2026-07-12 17:11:50,889 - decap_placer.kicad.adapter - DEBUG - Найден футпринт C45
2026-07-12 17:11:50,896 - decap_placer.kicad.adapter - DEBUG - Найден футпринт C46
2026-07-12 17:11:50,904 - decap_placer.kicad.adapter - DEBUG - Найден футпринт C28
2026-07-12 17:11:50,911 - decap_placer.kicad.adapter - DEBUG - Найден футпринт C29
2026-07-12 17:11:50,918 - decap_placer.kicad.adapter - DEBUG - Найден футпринт C51
2026-07-12 17:11:50,926 - decap_placer.kicad.adapter - DEBUG - Найден футпринт C52
2026-07-12 17:11:50,934 - decap_placer.kicad.adapter - DEBUG - Найден футпринт C38
2026-07-12 17:11:50,941 - decap_placer.kicad.adapter - DEBUG - Найден футпринт C39
2026-07-12 17:11:50,948 - decap_placer.kicad.adapter - DEBUG - Найден футпринт C53
2026-07-12 17:11:50,955 - decap_placer.kicad.adapter - DEBUG - Найден футпринт C54
2026-07-12 17:11:50,956 - decap_placer.placement.executor - INFO - Флип 42 компонентов на back
2026-07-12 17:11:50,963 - decap_placer.kicad.adapter - DEBUG - Найден футпринт C5
2026-07-12 17:11:50,970 - decap_placer.kicad.adapter - DEBUG - Найден футпринт C5
2026-07-12 17:11:50,977 - decap_placer.kicad.adapter - DEBUG - Найден футпринт C6
2026-07-12 17:11:50,985 - decap_placer.kicad.adapter - DEBUG - Найден футпринт C6
2026-07-12 17:11:50,992 - decap_placer.kicad.adapter - DEBUG - Найден футпринт C7
2026-07-12 17:11:50,999 - decap_placer.kicad.adapter - DEBUG - Найден футпринт C7
2026-07-12 17:11:51,007 - decap_placer.kicad.adapter - DEBUG - Найден футпринт C8
2026-07-12 17:11:51,014 - decap_placer.kicad.adapter - DEBUG - Найден футпринт C8
2026-07-12 17:11:51,021 - decap_placer.kicad.adapter - DEBUG - Найден футпринт C9
2026-07-12 17:11:51,028 - decap_placer.kicad.adapter - DEBUG - Найден футпринт C9
2026-07-12 17:11:51,035 - decap_placer.kicad.adapter - DEBUG - Найден футпринт C10
2026-07-12 17:11:51,043 - decap_placer.kicad.adapter - DEBUG - Найден футпринт C10
2026-07-12 17:11:51,050 - decap_placer.kicad.adapter - DEBUG - Найден футпринт C11
2026-07-12 17:11:51,058 - decap_placer.kicad.adapter - DEBUG - Найден футпринт C11
2026-07-12 17:11:51,065 - decap_placer.kicad.adapter - DEBUG - Найден футпринт C12
2026-07-12 17:11:51,073 - decap_placer.kicad.adapter - DEBUG - Найден футпринт C12
2026-07-12 17:11:51,080 - decap_placer.kicad.adapter - DEBUG - Найден футпринт C13
2026-07-12 17:11:51,087 - decap_placer.kicad.adapter - DEBUG - Найден футпринт C13
2026-07-12 17:11:51,095 - decap_placer.kicad.adapter - DEBUG - Найден футпринт C14
2026-07-12 17:11:51,103 - decap_placer.kicad.adapter - DEBUG - Найден футпринт C14
2026-07-12 17:11:51,103 - decap_placer.kicad.adapter - INFO - Флип 10 футпринтов через GUI action
2026-07-12 17:11:51,160 - decap_placer.kicad.adapter - DEBUG - Флип выполнен
2026-07-12 17:11:51,161 - decap_placer.placement.executor - INFO -   флип 10 шт. (батч 1)
2026-07-12 17:11:51,169 - decap_placer.kicad.adapter - DEBUG - Найден футпринт C30
2026-07-12 17:11:51,179 - decap_placer.kicad.adapter - DEBUG - Найден футпринт C30
2026-07-12 17:11:51,188 - decap_placer.kicad.adapter - DEBUG - Найден футпринт C31
2026-07-12 17:11:51,198 - decap_placer.kicad.adapter - DEBUG - Найден футпринт C31
2026-07-12 17:11:51,207 - decap_placer.kicad.adapter - DEBUG - Найден футпринт C32
2026-07-12 17:11:51,215 - decap_placer.kicad.adapter - DEBUG - Найден футпринт C32
2026-07-12 17:11:51,224 - decap_placer.kicad.adapter - DEBUG - Найден футпринт C33
2026-07-12 17:11:51,231 - decap_placer.kicad.adapter - DEBUG - Найден футпринт C33
2026-07-12 17:11:51,240 - decap_placer.kicad.adapter - DEBUG - Найден футпринт C34
2026-07-12 17:11:51,248 - decap_placer.kicad.adapter - DEBUG - Найден футпринт C34
2026-07-12 17:11:51,256 - decap_placer.kicad.adapter - DEBUG - Найден футпринт C35
2026-07-12 17:11:51,264 - decap_placer.kicad.adapter - DEBUG - Найден футпринт C35
2026-07-12 17:11:51,272 - decap_placer.kicad.adapter - DEBUG - Найден футпринт C36
2026-07-12 17:11:51,279 - decap_placer.kicad.adapter - DEBUG - Найден футпринт C36
2026-07-12 17:11:51,287 - decap_placer.kicad.adapter - DEBUG - Найден футпринт C37
2026-07-12 17:11:51,294 - decap_placer.kicad.adapter - DEBUG - Найден футпринт C37
2026-07-12 17:11:51,303 - decap_placer.kicad.adapter - DEBUG - Найден футпринт C19
2026-07-12 17:11:51,310 - decap_placer.kicad.adapter - DEBUG - Найден футпринт C19
2026-07-12 17:11:51,318 - decap_placer.kicad.adapter - DEBUG - Найден футпринт C20
2026-07-12 17:11:51,326 - decap_placer.kicad.adapter - DEBUG - Найден футпринт C20
2026-07-12 17:11:51,326 - decap_placer.kicad.adapter - INFO - Флип 10 футпринтов через GUI action
2026-07-12 17:11:51,366 - decap_placer.kicad.adapter - DEBUG - Флип выполнен
2026-07-12 17:11:51,366 - decap_placer.placement.executor - INFO -   флип 10 шт. (батч 2)
2026-07-12 17:11:51,374 - decap_placer.kicad.adapter - DEBUG - Найден футпринт C21
2026-07-12 17:11:51,382 - decap_placer.kicad.adapter - DEBUG - Найден футпринт C21
2026-07-12 17:11:51,390 - decap_placer.kicad.adapter - DEBUG - Найден футпринт C22
2026-07-12 17:11:51,398 - decap_placer.kicad.adapter - DEBUG - Найден футпринт C22
2026-07-12 17:11:51,406 - decap_placer.kicad.adapter - DEBUG - Найден футпринт C23
2026-07-12 17:11:51,413 - decap_placer.kicad.adapter - DEBUG - Найден футпринт C23
2026-07-12 17:11:51,420 - decap_placer.kicad.adapter - DEBUG - Найден футпринт C24
2026-07-12 17:11:51,428 - decap_placer.kicad.adapter - DEBUG - Найден футпринт C24
2026-07-12 17:11:51,435 - decap_placer.kicad.adapter - DEBUG - Найден футпринт C25
2026-07-12 17:11:51,443 - decap_placer.kicad.adapter - DEBUG - Найден футпринт C25
2026-07-12 17:11:51,450 - decap_placer.kicad.adapter - DEBUG - Найден футпринт C26
2026-07-12 17:11:51,457 - decap_placer.kicad.adapter - DEBUG - Найден футпринт C26
2026-07-12 17:11:51,464 - decap_placer.kicad.adapter - DEBUG - Найден футпринт C27
2026-07-12 17:11:51,471 - decap_placer.kicad.adapter - DEBUG - Найден футпринт C27
2026-07-12 17:11:51,479 - decap_placer.kicad.adapter - DEBUG - Найден футпринт C40
2026-07-12 17:11:51,486 - decap_placer.kicad.adapter - DEBUG - Найден футпринт C40
2026-07-12 17:11:51,493 - decap_placer.kicad.adapter - DEBUG - Найден футпринт C41
2026-07-12 17:11:51,500 - decap_placer.kicad.adapter - DEBUG - Найден футпринт C41
2026-07-12 17:11:51,508 - decap_placer.kicad.adapter - DEBUG - Найден футпринт C42
2026-07-12 17:11:51,515 - decap_placer.kicad.adapter - DEBUG - Найден футпринт C42
2026-07-12 17:11:51,515 - decap_placer.kicad.adapter - INFO - Флип 10 футпринтов через GUI action
2026-07-12 17:11:51,569 - decap_placer.kicad.adapter - DEBUG - Флип выполнен
2026-07-12 17:11:51,569 - decap_placer.placement.executor - INFO -   флип 10 шт. (батч 3)
2026-07-12 17:11:51,578 - decap_placer.kicad.adapter - DEBUG - Найден футпринт C43
2026-07-12 17:11:51,588 - decap_placer.kicad.adapter - DEBUG - Найден футпринт C43
2026-07-12 17:11:51,596 - decap_placer.kicad.adapter - DEBUG - Найден футпринт C44
2026-07-12 17:11:51,606 - decap_placer.kicad.adapter - DEBUG - Найден футпринт C44
2026-07-12 17:11:51,618 - decap_placer.kicad.adapter - DEBUG - Найден футпринт C45
2026-07-12 17:11:51,625 - decap_placer.kicad.adapter - DEBUG - Найден футпринт C45
2026-07-12 17:11:51,633 - decap_placer.kicad.adapter - DEBUG - Найден футпринт C46
2026-07-12 17:11:51,641 - decap_placer.kicad.adapter - DEBUG - Найден футпринт C46
2026-07-12 17:11:51,648 - decap_placer.kicad.adapter - DEBUG - Найден футпринт C28
2026-07-12 17:11:51,655 - decap_placer.kicad.adapter - DEBUG - Найден футпринт C28
2026-07-12 17:11:51,663 - decap_placer.kicad.adapter - DEBUG - Найден футпринт C29
2026-07-12 17:11:51,670 - decap_placer.kicad.adapter - DEBUG - Найден футпринт C29
2026-07-12 17:11:51,677 - decap_placer.kicad.adapter - DEBUG - Найден футпринт C51
2026-07-12 17:11:51,684 - decap_placer.kicad.adapter - DEBUG - Найден футпринт C51
2026-07-12 17:11:51,691 - decap_placer.kicad.adapter - DEBUG - Найден футпринт C52
2026-07-12 17:11:51,698 - decap_placer.kicad.adapter - DEBUG - Найден футпринт C52
2026-07-12 17:11:51,705 - decap_placer.kicad.adapter - DEBUG - Найден футпринт C38
2026-07-12 17:11:51,712 - decap_placer.kicad.adapter - DEBUG - Найден футпринт C38
2026-07-12 17:11:51,720 - decap_placer.kicad.adapter - DEBUG - Найден футпринт C39
2026-07-12 17:11:51,727 - decap_placer.kicad.adapter - DEBUG - Найден футпринт C39
2026-07-12 17:11:51,727 - decap_placer.kicad.adapter - INFO - Флип 10 футпринтов через GUI action
2026-07-12 17:11:51,770 - decap_placer.kicad.adapter - DEBUG - Флип выполнен
2026-07-12 17:11:51,770 - decap_placer.placement.executor - INFO -   флип 10 шт. (батч 4)
2026-07-12 17:11:51,778 - decap_placer.kicad.adapter - DEBUG - Найден футпринт C53
2026-07-12 17:11:51,786 - decap_placer.kicad.adapter - DEBUG - Найден футпринт C53
2026-07-12 17:11:51,794 - decap_placer.kicad.adapter - DEBUG - Найден футпринт C54
2026-07-12 17:11:51,801 - decap_placer.kicad.adapter - DEBUG - Найден футпринт C54
2026-07-12 17:11:51,802 - decap_placer.kicad.adapter - INFO - Флип 2 футпринтов через GUI action
2026-07-12 17:11:51,843 - decap_placer.kicad.adapter - DEBUG - Флип выполнен
2026-07-12 17:11:51,844 - decap_placer.placement.executor - INFO -   флип 2 шт. (батч 5)
2026-07-12 17:11:52,344 - decap_placer.placement.executor - INFO - Перемещение в 5 батчах
2026-07-12 17:11:52,344 - decap_placer.kicad.adapter - DEBUG - Попытка 1/2 для Move batch 1/5
2026-07-12 17:11:52,344 - decap_placer.kicad.adapter - DEBUG - Начало транзакции
2026-07-12 17:11:52,353 - decap_placer.kicad.adapter - DEBUG - Найден футпринт C5
2026-07-12 17:11:52,362 - decap_placer.kicad.adapter - DEBUG - Найден футпринт C6
2026-07-12 17:11:52,370 - decap_placer.kicad.adapter - DEBUG - Найден футпринт C7
2026-07-12 17:11:52,377 - decap_placer.kicad.adapter - DEBUG - Найден футпринт C8
2026-07-12 17:11:52,385 - decap_placer.kicad.adapter - DEBUG - Найден футпринт C9
2026-07-12 17:11:52,393 - decap_placer.kicad.adapter - DEBUG - Найден футпринт C10
2026-07-12 17:11:52,401 - decap_placer.kicad.adapter - DEBUG - Найден футпринт C11
2026-07-12 17:11:52,409 - decap_placer.kicad.adapter - DEBUG - Найден футпринт C12
2026-07-12 17:11:52,416 - decap_placer.kicad.adapter - DEBUG - Найден футпринт C13
2026-07-12 17:11:52,424 - decap_placer.kicad.adapter - DEBUG - Найден футпринт C14
2026-07-12 17:11:52,425 - decap_placer.kicad.adapter - DEBUG - Обновление 10 элементов
2026-07-12 17:11:52,427 - decap_placer.placement.executor - DEBUG -   обновлено 10 футпринтов
2026-07-12 17:11:52,427 - decap_placer.kicad.adapter - DEBUG - Применение транзакции: Move batch 1/5
2026-07-12 17:11:52,432 - decap_placer.kicad.adapter - INFO - Транзакция применена: Move batch 1/5
2026-07-12 17:11:52,432 - decap_placer.placement.executor - INFO -   батч перемещений 1 выполнен (10 шт.)
2026-07-12 17:11:52,432 - decap_placer.kicad.adapter - DEBUG - Попытка 1/2 для Move batch 2/5
2026-07-12 17:11:52,432 - decap_placer.kicad.adapter - DEBUG - Начало транзакции
2026-07-12 17:11:52,440 - decap_placer.kicad.adapter - DEBUG - Найден футпринт C30
2026-07-12 17:11:52,448 - decap_placer.kicad.adapter - DEBUG - Найден футпринт C31
2026-07-12 17:11:52,457 - decap_placer.kicad.adapter - DEBUG - Найден футпринт C32
2026-07-12 17:11:52,465 - decap_placer.kicad.adapter - DEBUG - Найден футпринт C33
2026-07-12 17:11:52,473 - decap_placer.kicad.adapter - DEBUG - Найден футпринт C34
2026-07-12 17:11:52,481 - decap_placer.kicad.adapter - DEBUG - Найден футпринт C35
2026-07-12 17:11:52,489 - decap_placer.kicad.adapter - DEBUG - Найден футпринт C36
2026-07-12 17:11:52,497 - decap_placer.kicad.adapter - DEBUG - Найден футпринт C37
2026-07-12 17:11:52,505 - decap_placer.kicad.adapter - DEBUG - Найден футпринт C19
2026-07-12 17:11:52,512 - decap_placer.kicad.adapter - DEBUG - Найден футпринт C20
2026-07-12 17:11:52,513 - decap_placer.kicad.adapter - DEBUG - Обновление 10 элементов
2026-07-12 17:11:52,515 - decap_placer.placement.executor - DEBUG -   обновлено 10 футпринтов
2026-07-12 17:11:52,515 - decap_placer.kicad.adapter - DEBUG - Применение транзакции: Move batch 2/5
2026-07-12 17:11:52,520 - decap_placer.kicad.adapter - INFO - Транзакция применена: Move batch 2/5
2026-07-12 17:11:52,520 - decap_placer.placement.executor - INFO -   батч перемещений 2 выполнен (10 шт.)
2026-07-12 17:11:52,520 - decap_placer.kicad.adapter - DEBUG - Попытка 1/2 для Move batch 3/5
2026-07-12 17:11:52,520 - decap_placer.kicad.adapter - DEBUG - Начало транзакции
2026-07-12 17:11:52,529 - decap_placer.kicad.adapter - DEBUG - Найден футпринт C21
2026-07-12 17:11:52,538 - decap_placer.kicad.adapter - DEBUG - Найден футпринт C22
2026-07-12 17:11:52,546 - decap_placer.kicad.adapter - DEBUG - Найден футпринт C23
2026-07-12 17:11:52,554 - decap_placer.kicad.adapter - DEBUG - Найден футпринт C24
2026-07-12 17:11:52,563 - decap_placer.kicad.adapter - DEBUG - Найден футпринт C25
2026-07-12 17:11:52,571 - decap_placer.kicad.adapter - DEBUG - Найден футпринт C26
2026-07-12 17:11:52,578 - decap_placer.kicad.adapter - DEBUG - Найден футпринт C27
2026-07-12 17:11:52,586 - decap_placer.kicad.adapter - DEBUG - Найден футпринт C40
2026-07-12 17:11:52,594 - decap_placer.kicad.adapter - DEBUG - Найден футпринт C41
2026-07-12 17:11:52,602 - decap_placer.kicad.adapter - DEBUG - Найден футпринт C42
2026-07-12 17:11:52,603 - decap_placer.kicad.adapter - DEBUG - Обновление 10 элементов
2026-07-12 17:11:52,611 - decap_placer.placement.executor - DEBUG -   обновлено 10 футпринтов
2026-07-12 17:11:52,611 - decap_placer.kicad.adapter - DEBUG - Применение транзакции: Move batch 3/5
2026-07-12 17:11:52,616 - decap_placer.kicad.adapter - INFO - Транзакция применена: Move batch 3/5
2026-07-12 17:11:52,617 - decap_placer.placement.executor - INFO -   батч перемещений 3 выполнен (10 шт.)
2026-07-12 17:11:52,617 - decap_placer.kicad.adapter - DEBUG - Попытка 1/2 для Move batch 4/5
2026-07-12 17:11:52,617 - decap_placer.kicad.adapter - DEBUG - Начало транзакции
2026-07-12 17:11:52,625 - decap_placer.kicad.adapter - DEBUG - Найден футпринт C43
2026-07-12 17:11:52,633 - decap_placer.kicad.adapter - DEBUG - Найден футпринт C44
2026-07-12 17:11:52,640 - decap_placer.kicad.adapter - DEBUG - Найден футпринт C45
2026-07-12 17:11:52,649 - decap_placer.kicad.adapter - DEBUG - Найден футпринт C46
2026-07-12 17:11:52,656 - decap_placer.kicad.adapter - DEBUG - Найден футпринт C28
2026-07-12 17:11:52,663 - decap_placer.kicad.adapter - DEBUG - Найден футпринт C29
2026-07-12 17:11:52,671 - decap_placer.kicad.adapter - DEBUG - Найден футпринт C51
2026-07-12 17:11:52,678 - decap_placer.kicad.adapter - DEBUG - Найден футпринт C52
2026-07-12 17:11:52,687 - decap_placer.kicad.adapter - DEBUG - Найден футпринт C38
2026-07-12 17:11:52,694 - decap_placer.kicad.adapter - DEBUG - Найден футпринт C39
2026-07-12 17:11:52,694 - decap_placer.kicad.adapter - DEBUG - Обновление 10 элементов
2026-07-12 17:11:52,697 - decap_placer.placement.executor - DEBUG -   обновлено 10 футпринтов
2026-07-12 17:11:52,697 - decap_placer.kicad.adapter - DEBUG - Применение транзакции: Move batch 4/5
2026-07-12 17:11:52,702 - decap_placer.kicad.adapter - INFO - Транзакция применена: Move batch 4/5
2026-07-12 17:11:52,702 - decap_placer.placement.executor - INFO -   батч перемещений 4 выполнен (10 шт.)
2026-07-12 17:11:52,702 - decap_placer.kicad.adapter - DEBUG - Попытка 1/2 для Move batch 5/5
2026-07-12 17:11:52,702 - decap_placer.kicad.adapter - DEBUG - Начало транзакции
2026-07-12 17:11:52,710 - decap_placer.kicad.adapter - DEBUG - Найден футпринт C53
2026-07-12 17:11:52,717 - decap_placer.kicad.adapter - DEBUG - Найден футпринт C54
2026-07-12 17:11:52,718 - decap_placer.kicad.adapter - DEBUG - Обновление 2 элементов
2026-07-12 17:11:52,719 - decap_placer.placement.executor - DEBUG -   обновлено 2 футпринтов
2026-07-12 17:11:52,719 - decap_placer.kicad.adapter - DEBUG - Применение транзакции: Move batch 5/5
2026-07-12 17:11:52,723 - decap_placer.kicad.adapter - INFO - Транзакция применена: Move batch 5/5
2026-07-12 17:11:52,723 - decap_placer.placement.executor - INFO -   батч перемещений 5 выполнен (2 шт.)
2026-07-12 17:11:52,723 - decap_placer.placement.executor - INFO - Создание виа в 6 батчах
2026-07-12 17:11:52,723 - decap_placer.kicad.adapter - DEBUG - Попытка 1/2 для Via batch 1/6
2026-07-12 17:11:52,723 - decap_placer.kicad.adapter - DEBUG - Начало транзакции
2026-07-12 17:11:52,724 - decap_placer.kicad.adapter - DEBUG - Найдена цепь GND
2026-07-12 17:11:52,725 - decap_placer.kicad.adapter - DEBUG - Создание виа в (42.835, 70.379) мм, net=GND
2026-07-12 17:11:52,728 - decap_placer.kicad.adapter - DEBUG - Найдена цепь GND
2026-07-12 17:11:52,728 - decap_placer.kicad.adapter - DEBUG - Создание виа в (46.334, 61.981) мм, net=GND
2026-07-12 17:11:52,730 - decap_placer.kicad.adapter - DEBUG - Найдена цепь GND
2026-07-12 17:11:52,730 - decap_placer.kicad.adapter - DEBUG - Создание виа в (50.150, 62.226) мм, net=GND
2026-07-12 17:11:52,733 - decap_placer.kicad.adapter - DEBUG - Найдена цепь GND
2026-07-12 17:11:52,733 - decap_placer.kicad.adapter - DEBUG - Создание виа в (53.418, 62.209) мм, net=GND
2026-07-12 17:11:52,735 - decap_placer.kicad.adapter - DEBUG - Найдена цепь GND
2026-07-12 17:11:52,735 - decap_placer.kicad.adapter - DEBUG - Создание виа в (55.519, 62.081) мм, net=GND
2026-07-12 17:11:52,738 - decap_placer.kicad.adapter - DEBUG - Найдена цепь GND
2026-07-12 17:11:52,738 - decap_placer.kicad.adapter - DEBUG - Создание виа в (60.329, 69.971) мм, net=GND
2026-07-12 17:11:52,740 - decap_placer.kicad.adapter - DEBUG - Найдена цепь GND
2026-07-12 17:11:52,740 - decap_placer.kicad.adapter - DEBUG - Создание виа в (60.487, 74.931) мм, net=GND
2026-07-12 17:11:52,742 - decap_placer.kicad.adapter - DEBUG - Найдена цепь GND
2026-07-12 17:11:52,742 - decap_placer.kicad.adapter - DEBUG - Создание виа в (54.669, 79.840) мм, net=GND
2026-07-12 17:11:52,745 - decap_placer.kicad.adapter - DEBUG - Найдена цепь GND
2026-07-12 17:11:52,745 - decap_placer.kicad.adapter - DEBUG - Создание виа в (52.189, 79.733) мм, net=GND
2026-07-12 17:11:52,747 - decap_placer.kicad.adapter - DEBUG - Найдена цепь GND
2026-07-12 17:11:52,747 - decap_placer.kicad.adapter - DEBUG - Создание виа в (48.487, 79.840) мм, net=GND
2026-07-12 17:11:52,749 - decap_placer.kicad.adapter - DEBUG - Создание 10 элементов
2026-07-12 17:11:52,749 - decap_placer.kicad.adapter - DEBUG - Создано 10 элементов
2026-07-12 17:11:52,750 - decap_placer.placement.executor - DEBUG -   создано 10 виа
2026-07-12 17:11:52,750 - decap_placer.kicad.adapter - DEBUG - Применение транзакции: Via batch 1/6
2026-07-12 17:11:52,754 - decap_placer.kicad.adapter - INFO - Транзакция применена: Via batch 1/6
2026-07-12 17:11:52,754 - decap_placer.placement.executor - INFO -   батч виа 1 выполнен (10 шт.)
2026-07-12 17:11:52,754 - decap_placer.kicad.adapter - DEBUG - Попытка 1/2 для Via batch 2/6
2026-07-12 17:11:52,754 - decap_placer.kicad.adapter - DEBUG - Начало транзакции
2026-07-12 17:11:52,755 - decap_placer.kicad.adapter - DEBUG - Найдена цепь GND
2026-07-12 17:11:52,755 - decap_placer.kicad.adapter - DEBUG - Создание виа в (35.998, 69.902) мм, net=GND
2026-07-12 17:11:52,758 - decap_placer.kicad.adapter - DEBUG - Найдена цепь GND
2026-07-12 17:11:52,758 - decap_placer.kicad.adapter - DEBUG - Создание виа в (42.792, 55.894) мм, net=GND
2026-07-12 17:11:52,760 - decap_placer.kicad.adapter - DEBUG - Найдена цепь GND
2026-07-12 17:11:52,760 - decap_placer.kicad.adapter - DEBUG - Создание виа в (49.054, 55.502) мм, net=GND
2026-07-12 17:11:52,763 - decap_placer.kicad.adapter - DEBUG - Найдена цепь GND
2026-07-12 17:11:52,763 - decap_placer.kicad.adapter - DEBUG - Создание виа в (54.818, 55.528) мм, net=GND
2026-07-12 17:11:52,768 - decap_placer.kicad.adapter - DEBUG - Найдена цепь GND
2026-07-12 17:11:52,768 - decap_placer.kicad.adapter - DEBUG - Создание виа в (58.327, 55.734) мм, net=GND
2026-07-12 17:11:52,770 - decap_placer.kicad.adapter - DEBUG - Найдена цепь GND
2026-07-12 17:11:52,770 - decap_placer.kicad.adapter - DEBUG - Создание виа в (67.169, 69.175) мм, net=GND
2026-07-12 17:11:52,772 - decap_placer.kicad.adapter - DEBUG - Найдена цепь GND
2026-07-12 17:11:52,772 - decap_placer.kicad.adapter - DEBUG - Создание виа в (66.916, 77.775) мм, net=GND
2026-07-12 17:11:52,774 - decap_placer.kicad.adapter - DEBUG - Найдена цепь GND
2026-07-12 17:11:52,774 - decap_placer.kicad.adapter - DEBUG - Создание виа в (56.873, 86.151) мм, net=GND
2026-07-12 17:11:52,777 - decap_placer.kicad.adapter - DEBUG - Найдена цепь GND
2026-07-12 17:11:52,777 - decap_placer.kicad.adapter - DEBUG - Создание виа в (42.533, 65.304) мм, net=GND
2026-07-12 17:11:52,779 - decap_placer.kicad.adapter - DEBUG - Найдена цепь GND
2026-07-12 17:11:52,779 - decap_placer.kicad.adapter - DEBUG - Создание виа в (48.487, 62.140) мм, net=GND
2026-07-12 17:11:52,780 - decap_placer.kicad.adapter - DEBUG - Создание 10 элементов
2026-07-12 17:11:52,781 - decap_placer.kicad.adapter - DEBUG - Создано 10 элементов
2026-07-12 17:11:52,781 - decap_placer.placement.executor - DEBUG -   создано 10 виа
2026-07-12 17:11:52,781 - decap_placer.kicad.adapter - DEBUG - Применение транзакции: Via batch 2/6
2026-07-12 17:11:52,785 - decap_placer.kicad.adapter - INFO - Транзакция применена: Via batch 2/6
2026-07-12 17:11:52,786 - decap_placer.placement.executor - INFO -   батч виа 2 выполнен (10 шт.)
2026-07-12 17:11:52,786 - decap_placer.kicad.adapter - DEBUG - Попытка 1/2 для Via batch 3/6
2026-07-12 17:11:52,786 - decap_placer.kicad.adapter - DEBUG - Начало транзакции
2026-07-12 17:11:52,787 - decap_placer.kicad.adapter - DEBUG - Найдена цепь GND
2026-07-12 17:11:52,787 - decap_placer.kicad.adapter - DEBUG - Создание виа в (55.950, 62.049) мм, net=GND
2026-07-12 17:11:52,789 - decap_placer.kicad.adapter - DEBUG - Найдена цепь GND
2026-07-12 17:11:52,789 - decap_placer.kicad.adapter - DEBUG - Создание виа в (60.553, 66.184) мм, net=GND
2026-07-12 17:11:52,793 - decap_placer.kicad.adapter - DEBUG - Найдена цепь GND
2026-07-12 17:11:52,793 - decap_placer.kicad.adapter - DEBUG - Создание виа в (60.587, 76.234) мм, net=GND
2026-07-12 17:11:52,798 - decap_placer.kicad.adapter - DEBUG - Найдена цепь GND
2026-07-12 17:11:52,798 - decap_placer.kicad.adapter - DEBUG - Создание виа в (54.249, 79.814) мм, net=GND
2026-07-12 17:11:52,800 - decap_placer.kicad.adapter - DEBUG - Найдена цепь GND
2026-07-12 17:11:52,800 - decap_placer.kicad.adapter - DEBUG - Создание виа в (47.637, 79.899) мм, net=GND
2026-07-12 17:11:52,802 - decap_placer.kicad.adapter - DEBUG - Найдена цепь GND
2026-07-12 17:11:52,802 - decap_placer.kicad.adapter - DEBUG - Создание виа в (42.637, 75.362) мм, net=GND
2026-07-12 17:11:52,805 - decap_placer.kicad.adapter - DEBUG - Найдена цепь GND
2026-07-12 17:11:52,805 - decap_placer.kicad.adapter - DEBUG - Создание виа в (43.295, 65.783) мм, net=GND
2026-07-12 17:11:52,807 - decap_placer.kicad.adapter - DEBUG - Найдена цепь GND
2026-07-12 17:11:52,807 - decap_placer.kicad.adapter - DEBUG - Создание виа в (36.481, 61.500) мм, net=GND
2026-07-12 17:11:52,809 - decap_placer.kicad.adapter - DEBUG - Найдена цепь GND
2026-07-12 17:11:52,809 - decap_placer.kicad.adapter - DEBUG - Создание виа в (46.217, 55.639) мм, net=GND
2026-07-12 17:11:52,811 - decap_placer.kicad.adapter - DEBUG - Найдена цепь GND
2026-07-12 17:11:52,811 - decap_placer.kicad.adapter - DEBUG - Создание виа в (59.012, 55.785) мм, net=GND
2026-07-12 17:11:52,813 - decap_placer.kicad.adapter - DEBUG - Создание 10 элементов
2026-07-12 17:11:52,814 - decap_placer.kicad.adapter - DEBUG - Создано 10 элементов
2026-07-12 17:11:52,814 - decap_placer.placement.executor - DEBUG -   создано 10 виа
2026-07-12 17:11:52,814 - decap_placer.kicad.adapter - DEBUG - Применение транзакции: Via batch 3/6
2026-07-12 17:11:52,819 - decap_placer.kicad.adapter - INFO - Транзакция применена: Via batch 3/6
2026-07-12 17:11:52,819 - decap_placer.placement.executor - INFO -   батч виа 3 выполнен (10 шт.)
2026-07-12 17:11:52,819 - decap_placer.kicad.adapter - DEBUG - Попытка 1/2 для Via batch 4/6
2026-07-12 17:11:52,819 - decap_placer.kicad.adapter - DEBUG - Начало транзакции
2026-07-12 17:11:52,820 - decap_placer.kicad.adapter - DEBUG - Найдена цепь GND
2026-07-12 17:11:52,820 - decap_placer.kicad.adapter - DEBUG - Создание виа в (66.811, 62.833) мм, net=GND
2026-07-12 17:11:52,823 - decap_placer.kicad.adapter - DEBUG - Найдена цепь GND
2026-07-12 17:11:52,823 - decap_placer.kicad.adapter - DEBUG - Создание виа в (66.756, 79.824) мм, net=GND
2026-07-12 17:11:52,826 - decap_placer.kicad.adapter - DEBUG - Найдена цепь GND
2026-07-12 17:11:52,826 - decap_placer.kicad.adapter - DEBUG - Создание виа в (56.179, 86.193) мм, net=GND
2026-07-12 17:11:52,828 - decap_placer.kicad.adapter - DEBUG - Найдена цепь GND
2026-07-12 17:11:52,828 - decap_placer.kicad.adapter - DEBUG - Создание виа в (44.913, 86.056) мм, net=GND
2026-07-12 17:11:52,831 - decap_placer.kicad.adapter - DEBUG - Найдена цепь GND
2026-07-12 17:11:52,831 - decap_placer.kicad.adapter - DEBUG - Создание виа в (60.730, 63.958) мм, net=GND
2026-07-12 17:11:52,833 - decap_placer.kicad.adapter - DEBUG - Найдена цепь GND
2026-07-12 17:11:52,833 - decap_placer.kicad.adapter - DEBUG - Создание виа в (60.379, 68.736) мм, net=GND
2026-07-12 17:11:52,835 - decap_placer.kicad.adapter - DEBUG - Найдена цепь GND
2026-07-12 17:11:52,835 - decap_placer.kicad.adapter - DEBUG - Создание виа в (66.528, 59.504) мм, net=GND
2026-07-12 17:11:52,837 - decap_placer.kicad.adapter - DEBUG - Найдена цепь GND
2026-07-12 17:11:52,837 - decap_placer.kicad.adapter - DEBUG - Создание виа в (67.090, 67.017) мм, net=GND
2026-07-12 17:11:52,840 - decap_placer.kicad.adapter - DEBUG - Найдена цепь GND
2026-07-12 17:11:52,840 - decap_placer.kicad.adapter - DEBUG - Создание виа в (59.065, 61.802) мм, net=GND
2026-07-12 17:11:52,842 - decap_placer.kicad.adapter - DEBUG - Найдена цепь GND
2026-07-12 17:11:52,842 - decap_placer.kicad.adapter - DEBUG - Создание виа в (44.091, 80.178) мм, net=GND
2026-07-12 17:11:52,844 - decap_placer.kicad.adapter - DEBUG - Создание 10 элементов
2026-07-12 17:11:52,844 - decap_placer.kicad.adapter - DEBUG - Создано 10 элементов
2026-07-12 17:11:52,844 - decap_placer.placement.executor - DEBUG -   создано 10 виа
2026-07-12 17:11:52,844 - decap_placer.kicad.adapter - DEBUG - Применение транзакции: Via batch 4/6
2026-07-12 17:11:52,849 - decap_placer.kicad.adapter - INFO - Транзакция применена: Via batch 4/6
2026-07-12 17:11:52,849 - decap_placer.placement.executor - INFO -   батч виа 4 выполнен (10 шт.)
2026-07-12 17:11:52,849 - decap_placer.kicad.adapter - DEBUG - Попытка 1/2 для Via batch 5/6
2026-07-12 17:11:52,849 - decap_placer.kicad.adapter - DEBUG - Начало транзакции
2026-07-12 17:11:52,850 - decap_placer.kicad.adapter - DEBUG - Найдена цепь GND
2026-07-12 17:11:52,851 - decap_placer.kicad.adapter - DEBUG - Создание виа в (63.647, 56.179) мм, net=GND
2026-07-12 17:11:52,854 - decap_placer.kicad.adapter - DEBUG - Найдена цепь GND
2026-07-12 17:11:52,854 - decap_placer.kicad.adapter - DEBUG - Создание виа в (39.664, 85.611) мм, net=GND
2026-07-12 17:11:52,856 - decap_placer.kicad.adapter - DEBUG - Найдена цепь GND
2026-07-12 17:11:52,856 - decap_placer.kicad.adapter - DEBUG - Создание виа в (48.653, 68.065) мм, net=GND
2026-07-12 17:11:52,863 - decap_placer.kicad.adapter - DEBUG - Найдена цепь GND
2026-07-12 17:11:52,863 - decap_placer.kicad.adapter - DEBUG - Создание виа в (50.603, 68.065) мм, net=GND
2026-07-12 17:11:52,866 - decap_placer.kicad.adapter - DEBUG - Найдена цепь GND
2026-07-12 17:11:52,866 - decap_placer.kicad.adapter - DEBUG - Создание виа в (52.553, 68.065) мм, net=GND
2026-07-12 17:11:52,868 - decap_placer.kicad.adapter - DEBUG - Найдена цепь GND
2026-07-12 17:11:52,868 - decap_placer.kicad.adapter - DEBUG - Создание виа в (54.503, 68.065) мм, net=GND
2026-07-12 17:11:52,870 - decap_placer.kicad.adapter - DEBUG - Найдена цепь GND
2026-07-12 17:11:52,870 - decap_placer.kicad.adapter - DEBUG - Создание виа в (48.653, 70.015) мм, net=GND
2026-07-12 17:11:52,873 - decap_placer.kicad.adapter - DEBUG - Найдена цепь GND
2026-07-12 17:11:52,873 - decap_placer.kicad.adapter - DEBUG - Создание виа в (50.603, 70.015) мм, net=GND
2026-07-12 17:11:52,875 - decap_placer.kicad.adapter - DEBUG - Найдена цепь GND
2026-07-12 17:11:52,875 - decap_placer.kicad.adapter - DEBUG - Создание виа в (52.553, 70.015) мм, net=GND
2026-07-12 17:11:52,878 - decap_placer.kicad.adapter - DEBUG - Найдена цепь GND
2026-07-12 17:11:52,878 - decap_placer.kicad.adapter - DEBUG - Создание виа в (54.503, 70.015) мм, net=GND
2026-07-12 17:11:52,880 - decap_placer.kicad.adapter - DEBUG - Создание 10 элементов
2026-07-12 17:11:52,880 - decap_placer.kicad.adapter - DEBUG - Создано 10 элементов
2026-07-12 17:11:52,880 - decap_placer.placement.executor - DEBUG -   создано 10 виа
2026-07-12 17:11:52,880 - decap_placer.kicad.adapter - DEBUG - Применение транзакции: Via batch 5/6
2026-07-12 17:11:52,886 - decap_placer.kicad.adapter - INFO - Транзакция применена: Via batch 5/6
2026-07-12 17:11:52,886 - decap_placer.placement.executor - INFO -   батч виа 5 выполнен (10 шт.)
2026-07-12 17:11:52,886 - decap_placer.kicad.adapter - DEBUG - Попытка 1/2 для Via batch 6/6
2026-07-12 17:11:52,886 - decap_placer.kicad.adapter - DEBUG - Начало транзакции
2026-07-12 17:11:52,887 - decap_placer.kicad.adapter - DEBUG - Найдена цепь GND
2026-07-12 17:11:52,887 - decap_placer.kicad.adapter - DEBUG - Создание виа в (48.653, 71.965) мм, net=GND
2026-07-12 17:11:52,890 - decap_placer.kicad.adapter - DEBUG - Найдена цепь GND
2026-07-12 17:11:52,890 - decap_placer.kicad.adapter - DEBUG - Создание виа в (50.603, 71.965) мм, net=GND
2026-07-12 17:11:52,892 - decap_placer.kicad.adapter - DEBUG - Найдена цепь GND
2026-07-12 17:11:52,893 - decap_placer.kicad.adapter - DEBUG - Создание виа в (52.553, 71.965) мм, net=GND
2026-07-12 17:11:52,902 - decap_placer.kicad.adapter - DEBUG - Найдена цепь GND
2026-07-12 17:11:52,903 - decap_placer.kicad.adapter - DEBUG - Создание виа в (54.503, 71.965) мм, net=GND
2026-07-12 17:11:52,905 - decap_placer.kicad.adapter - DEBUG - Найдена цепь GND
2026-07-12 17:11:52,905 - decap_placer.kicad.adapter - DEBUG - Создание виа в (48.653, 73.915) мм, net=GND
2026-07-12 17:11:52,907 - decap_placer.kicad.adapter - DEBUG - Найдена цепь GND
2026-07-12 17:11:52,907 - decap_placer.kicad.adapter - DEBUG - Создание виа в (50.603, 73.915) мм, net=GND
2026-07-12 17:11:52,909 - decap_placer.kicad.adapter - DEBUG - Найдена цепь GND
2026-07-12 17:11:52,910 - decap_placer.kicad.adapter - DEBUG - Создание виа в (52.553, 73.915) мм, net=GND
2026-07-12 17:11:52,911 - decap_placer.kicad.adapter - DEBUG - Найдена цепь GND
2026-07-12 17:11:52,912 - decap_placer.kicad.adapter - DEBUG - Создание виа в (54.503, 73.915) мм, net=GND
2026-07-12 17:11:52,913 - decap_placer.kicad.adapter - DEBUG - Создание 8 элементов
2026-07-12 17:11:52,914 - decap_placer.kicad.adapter - DEBUG - Создано 8 элементов
2026-07-12 17:11:52,914 - decap_placer.placement.executor - DEBUG -   создано 8 виа
2026-07-12 17:11:52,914 - decap_placer.kicad.adapter - DEBUG - Применение транзакции: Via batch 6/6
2026-07-12 17:11:52,919 - decap_placer.kicad.adapter - INFO - Транзакция применена: Via batch 6/6
2026-07-12 17:11:52,919 - decap_placer.placement.executor - INFO -   батч виа 6 выполнен (8 шт.)
2026-07-12 17:11:52,919 - __main__ - INFO - ✅ Все операции выполнены успешно
2026-07-12 17:11:52,919 - pynng.nng - DEBUG - Pipe callback event 2
