2026-07-12 17:10:33,047 - __main__ - INFO - Загрузка конфига: decap_placement.yaml
2026-07-12 17:10:33,047 - decap_placer.config - INFO - Загрузка конфигурации из decap_placement.yaml
2026-07-12 17:10:33,057 - decap_placer.config - DEBUG - Конфигурация загружена: target=IC1, side=back, правил=4
2026-07-12 17:10:33,057 - __main__ - INFO - Подключение к KiCad (таймаут 20000 мс)
2026-07-12 17:10:33,057 - decap_placer.kicad.adapter - DEBUG - Инициализация KiCadBoardAdapter с таймаутом 20000 мс
2026-07-12 17:10:33,090 - decap_placer.kicad.adapter - DEBUG - Обновление доски из KiCad
2026-07-12 17:10:33,093 - pynng.nng - DEBUG - Pipe callback event 0
2026-07-12 17:10:33,617 - pynng.nng - DEBUG - Pipe callback event 1
2026-07-12 17:10:33,618 - root - ERROR - Неожиданная ошибка
Traceback (most recent call last):
  File "D:\Projects\Python\KiCadDecapPlacer\placer.py", line 156, in main
    cmd_apply(args)
    ~~~~~~~~~^^^^^^
  File "D:\Projects\Python\KiCadDecapPlacer\placer.py", line 62, in cmd_apply
    adapter.refresh_board()
    ~~~~~~~~~~~~~~~~~~~~~^^
  File "D:\Projects\Python\KiCadDecapPlacer\decap_placer\kicad\adapter.py", line 27, in refresh_board
    logger.info(f"Доска получена: {self._board.file_name}")
                                   ^^^^^^^^^^^^^^^^^^^^^
AttributeError: 'Board' object has no attribute 'file_name'
2026-07-12 17:10:33,627 - pynng.nng - DEBUG - Pipe callback event 2
